2015-02-18 15:30:22,084 [JavaFX Application Thread] ERROR  h.t.dialog.ExceptionDialogs - IOException
javafx.fxml.LoadException: 
/E:/OneDrive/TVZ/Java/Udruga/target/classes/hr/tunjevinac/layout/NoviKorisnik.fxml:9

	at javafx.fxml.FXMLLoader.constructLoadException(Unknown Source) ~[jfxrt.jar:na]
	at javafx.fxml.FXMLLoader.access$700(Unknown Source) ~[jfxrt.jar:na]
	at javafx.fxml.FXMLLoader$ValueElement.processAttribute(Unknown Source) ~[jfxrt.jar:na]
	at javafx.fxml.FXMLLoader$InstanceDeclarationElement.processAttribute(Unknown Source) ~[jfxrt.jar:na]
	at javafx.fxml.FXMLLoader$Element.processStartElement(Unknown Source) ~[jfxrt.jar:na]
	at javafx.fxml.FXMLLoader$ValueElement.processStartElement(Unknown Source) ~[jfxrt.jar:na]
	at javafx.fxml.FXMLLoader.processStartElement(Unknown Source) ~[jfxrt.jar:na]
	at javafx.fxml.FXMLLoader.loadImpl(Unknown Source) ~[jfxrt.jar:na]
	at javafx.fxml.FXMLLoader.loadImpl(Unknown Source) ~[jfxrt.jar:na]
	at javafx.fxml.FXMLLoader.loadImpl(Unknown Source) ~[jfxrt.jar:na]
	at javafx.fxml.FXMLLoader.loadImpl(Unknown Source) ~[jfxrt.jar:na]
	at javafx.fxml.FXMLLoader.loadImpl(Unknown Source) ~[jfxrt.jar:na]
	at javafx.fxml.FXMLLoader.loadImpl(Unknown Source) ~[jfxrt.jar:na]
	at javafx.fxml.FXMLLoader.loadImpl(Unknown Source) ~[jfxrt.jar:na]
	at javafx.fxml.FXMLLoader.load(Unknown Source) ~[jfxrt.jar:na]
	at hr.tunjevinac.controller.ZajednickiController.noviKorisnik(ZajednickiController.java:72) ~[classes/:na]
	at hr.tunjevinac.controller.KorisniciController$1.handle(KorisniciController.java:57) [classes/:na]
	at hr.tunjevinac.controller.KorisniciController$1.handle(KorisniciController.java:1) [classes/:na]
	at com.sun.javafx.event.CompositeEventHandler.dispatchBubblingEvent(Unknown Source) [jfxrt.jar:na]
	at com.sun.javafx.event.EventHandlerManager.dispatchBubblingEvent(Unknown Source) [jfxrt.jar:na]
	at com.sun.javafx.event.EventHandlerManager.dispatchBubblingEvent(Unknown Source) [jfxrt.jar:na]
	at com.sun.javafx.event.CompositeEventDispatcher.dispatchBubblingEvent(Unknown Source) [jfxrt.jar:na]
	at com.sun.javafx.event.BasicEventDispatcher.dispatchEvent(Unknown Source) [jfxrt.jar:na]
	at com.sun.javafx.event.EventDispatchChainImpl.dispatchEvent(Unknown Source) [jfxrt.jar:na]
	at com.sun.javafx.event.BasicEventDispatcher.dispatchEvent(Unknown Source) [jfxrt.jar:na]
	at com.sun.javafx.event.EventDispatchChainImpl.dispatchEvent(Unknown Source) [jfxrt.jar:na]
	at com.sun.javafx.event.BasicEventDispatcher.dispatchEvent(Unknown Source) [jfxrt.jar:na]
	at com.sun.javafx.event.EventDispatchChainImpl.dispatchEvent(Unknown Source) [jfxrt.jar:na]
	at com.sun.javafx.event.EventUtil.fireEventImpl(Unknown Source) [jfxrt.jar:na]
	at com.sun.javafx.event.EventUtil.fireEvent(Unknown Source) [jfxrt.jar:na]
	at javafx.event.Event.fireEvent(Unknown Source) [jfxrt.jar:na]
	at javafx.scene.Scene$ClickGenerator.postProcess(Unknown Source) [jfxrt.jar:na]
	at javafx.scene.Scene$ClickGenerator.access$7900(Unknown Source) [jfxrt.jar:na]
	at javafx.scene.Scene$MouseHandler.process(Unknown Source) [jfxrt.jar:na]
	at javafx.scene.Scene$MouseHandler.access$1500(Unknown Source) [jfxrt.jar:na]
	at javafx.scene.Scene.impl_processMouseEvent(Unknown Source) [jfxrt.jar:na]
	at javafx.scene.Scene$ScenePeerListener.mouseEvent(Unknown Source) [jfxrt.jar:na]
	at com.sun.javafx.tk.quantum.GlassViewEventHandler$MouseEventNotification.run(Unknown Source) [jfxrt.jar:na]
	at com.sun.javafx.tk.quantum.GlassViewEventHandler$MouseEventNotification.run(Unknown Source) [jfxrt.jar:na]
	at java.security.AccessController.doPrivileged(Native Method) [na:1.8.0_31]
	at com.sun.javafx.tk.quantum.GlassViewEventHandler.handleMouseEvent(Unknown Source) [jfxrt.jar:na]
	at com.sun.glass.ui.View.handleMouseEvent(Unknown Source) [jfxrt.jar:na]
	at com.sun.glass.ui.View.notifyMouse(Unknown Source) [jfxrt.jar:na]
	at com.sun.glass.ui.win.WinApplication._runLoop(Native Method) [jfxrt.jar:na]
	at com.sun.glass.ui.win.WinApplication.lambda$null$141(Unknown Source) [jfxrt.jar:na]
	at com.sun.glass.ui.win.WinApplication$$Lambda$37/1109371569.run(Unknown Source) [jfxrt.jar:na]
	at java.lang.Thread.run(Unknown Source) [na:1.8.0_31]
Caused by: java.lang.InstantiationException: hr.tunjevinac.controller.NoviKorisnikController
	at java.lang.Class.newInstance(Unknown Source) ~[na:1.8.0_31]
	at sun.reflect.misc.ReflectUtil.newInstance(Unknown Source) ~[na:1.8.0_31]
	... 45 common frames omitted
Caused by: java.lang.NoSuchMethodException: hr.tunjevinac.controller.NoviKorisnikController.<init>()
	at java.lang.Class.getConstructor0(Unknown Source) ~[na:1.8.0_31]
	... 47 common frames omitted
